<?xml version="1.0" encoding="UTF-8"?>
<!-- Generated by org.testng.reporters.JUnitXMLReporter -->
<testsuite ignored="0" hostname="XtremeLite-PC" failures="1" tests="1" name="Default test(failed)" time="0.041" errors="0" timestamp="03 Jan 2025 13:57:44 GMT">
  <testcase classname="com.testng.TestNgOne" name="Mujeeb" time="0.0">
    <failure type="org.testng.TestNGException" message="
Parameter &amp;apos;username&amp;apos; is required by @Test on method Mujeeb but has not been marked @Optional or defined
in C:\Users\Administrator\eclipse-workspace\MavenProject\test-output\testng-failed.xml">
      <![CDATA[org.testng.TestNGException: 
Parameter 'username' is required by @Test on method Mujeeb but has not been marked @Optional or defined
in C:\Users\Administrator\eclipse-workspace\MavenProject\test-output\testng-failed.xml
... Removed 24 stack frames]]>
    </failure>
  </testcase> <!-- Mujeeb -->
</testsuite> <!-- Default test(failed) -->
